# JRE version: Java(TM) SE Runtime Environment (8.0_31-b13) (build 1.8.0_31-b13)
# Java VM: Java HotSpot(TM) 64-Bit Server VM (25.31-b07 mixed mode bsd-amd64 compressed oops)
Heap:
 PSYoungGen      total 272896K, used 113445K [0x00000007aab00000, 0x00000007bc000000, 0x00000007c0000000)
  eden space 262144K, 43% used [0x00000007aab00000,0x00000007b19c95f8,0x00000007bab00000)
  from space 10752K, 0% used [0x00000007bb580000,0x00000007bb580000,0x00000007bc000000)
  to   space 10752K, 0% used [0x00000007bab00000,0x00000007bab00000,0x00000007bb580000)
 ParOldGen       total 175104K, used 13204K [0x0000000780000000, 0x000000078ab00000, 0x00000007aab00000)
  object space 175104K, 7% used [0x0000000780000000,0x0000000780ce5238,0x000000078ab00000)
 Metaspace       used 29134K, capacity 29726K, committed 29952K, reserved 1075200K
  class space    used 3301K, capacity 3529K, committed 3584K, reserved 1048576K
GC Heap History (10 events):
Event: 1.274 GC heap before
{Heap before GC invocations=1 (full 0):
 PSYoungGen      total 76288K, used 65536K [0x00000007aab00000, 0x00000007b0000000, 0x00000007c0000000)
  eden space 65536K, 100% used [0x00000007aab00000,0x00000007aeb00000,0x00000007aeb00000)
  from space 10752K, 0% used [0x00000007af580000,0x00000007af580000,0x00000007b0000000)
  to   space 10752K, 0% used [0x00000007aeb00000,0x00000007aeb00000,0x00000007af580000)
 ParOldGen       total 175104K, used 0K [0x0000000780000000, 0x000000078ab00000, 0x00000007aab00000)
  object space 175104K, 0% used [0x0000000780000000,0x0000000780000000,0x000000078ab00000)
 Metaspace       used 10487K, capacity 10692K, committed 11008K, reserved 1058816K
  class space    used 1311K, capacity 1412K, committed 1536K, reserved 1048576K
Event: 1.293 GC heap after
Heap after GC invocations=1 (full 0):
 PSYoungGen      total 76288K, used 8533K [0x00000007aab00000, 0x00000007b4000000, 0x00000007c0000000)
  eden space 65536K, 0% used [0x00000007aab00000,0x00000007aab00000,0x00000007aeb00000)
  from space 10752K, 79% used [0x00000007aeb00000,0x00000007af3557c0,0x00000007af580000)
  to   space 10752K, 0% used [0x00000007b3580000,0x00000007b3580000,0x00000007b4000000)
 ParOldGen       total 175104K, used 8K [0x0000000780000000, 0x000000078ab00000, 0x00000007aab00000)
  object space 175104K, 0% used [0x0000000780000000,0x0000000780002000,0x000000078ab00000)
 Metaspace       used 10487K, capacity 10692K, committed 11008K, reserved 1058816K
  class space    used 1311K, capacity 1412K, committed 1536K, reserved 1048576K
}
Event: 2.742 GC heap before
{Heap before GC invocations=2 (full 0):
 PSYoungGen      total 76288K, used 74069K [0x00000007aab00000, 0x00000007b4000000, 0x00000007c0000000)
  eden space 65536K, 100% used [0x00000007aab00000,0x00000007aeb00000,0x00000007aeb00000)
  from space 10752K, 79% used [0x00000007aeb00000,0x00000007af3557c0,0x00000007af580000)
  to   space 10752K, 0% used [0x00000007b3580000,0x00000007b3580000,0x00000007b4000000)
 ParOldGen       total 175104K, used 8K [0x0000000780000000, 0x000000078ab00000, 0x00000007aab00000)
  object space 175104K, 0% used [0x0000000780000000,0x0000000780002000,0x000000078ab00000)
 Metaspace       used 17614K, capacity 17892K, committed 18176K, reserved 1064960K
  class space    used 2179K, capacity 2274K, committed 2304K, reserved 1048576K
Event: 2.770 GC heap after
Heap after GC invocations=2 (full 0):
 PSYoungGen      total 141824K, used 10727K [0x00000007aab00000, 0x00000007b4000000, 0x00000007c0000000)
  eden space 131072K, 0% used [0x00000007aab00000,0x00000007aab00000,0x00000007b2b00000)
  from space 10752K, 99% used [0x00000007b3580000,0x00000007b3ff9f00,0x00000007b4000000)
  to   space 10752K, 0% used [0x00000007b2b00000,0x00000007b2b00000,0x00000007b3580000)
 ParOldGen       total 175104K, used 133K [0x0000000780000000, 0x000000078ab00000, 0x00000007aab00000)
  object space 175104K, 0% used [0x0000000780000000,0x0000000780021468,0x000000078ab00000)
 Metaspace       used 17614K, capacity 17892K, committed 18176K, reserved 1064960K
  class space    used 2179K, capacity 2274K, committed 2304K, reserved 1048576K
}
Event: 4.710 GC heap before
{Heap before GC invocations=3 (full 0):
 PSYoungGen      total 141824K, used 141799K [0x00000007aab00000, 0x00000007b4000000, 0x00000007c0000000)
  eden space 131072K, 100% used [0x00000007aab00000,0x00000007b2b00000,0x00000007b2b00000)
  from space 10752K, 99% used [0x00000007b3580000,0x00000007b3ff9f00,0x00000007b4000000)
  to   space 10752K, 0% used [0x00000007b2b00000,0x00000007b2b00000,0x00000007b3580000)
 ParOldGen       total 175104K, used 133K [0x0000000780000000, 0x000000078ab00000, 0x00000007aab00000)
  object space 175104K, 0% used [0x0000000780000000,0x0000000780021468,0x000000078ab00000)
 Metaspace       used 20225K, capacity 20822K, committed 20864K, reserved 1067008K
  class space    used 2459K, capacity 2673K, committed 2688K, reserved 1048576K
Event: 4.755 GC heap after
Heap after GC invocations=3 (full 0):
 PSYoungGen      total 141824K, used 10720K [0x00000007aab00000, 0x00000007bc000000, 0x00000007c0000000)
  eden space 131072K, 0% used [0x00000007aab00000,0x00000007aab00000,0x00000007b2b00000)
  from space 10752K, 99% used [0x00000007b2b00000,0x00000007b3578040,0x00000007b3580000)
  to   space 10752K, 0% used [0x00000007bb580000,0x00000007bb580000,0x00000007bc000000)
 ParOldGen       total 175104K, used 3319K [0x0000000780000000, 0x000000078ab00000, 0x00000007aab00000)
  object space 175104K, 1% used [0x0000000780000000,0x000000078033df88,0x000000078ab00000)
 Metaspace       used 20225K, capacity 20822K, committed 20864K, reserved 1067008K
  class space    used 2459K, capacity 2673K, committed 2688K, reserved 1048576K
}
Event: 5.136 GC heap before
{Heap before GC invocations=4 (full 0):
 PSYoungGen      total 141824K, used 52170K [0x00000007aab00000, 0x00000007bc000000, 0x00000007c0000000)
  eden space 131072K, 31% used [0x00000007aab00000,0x00000007ad37a9e0,0x00000007b2b00000)
  from space 10752K, 99% used [0x00000007b2b00000,0x00000007b3578040,0x00000007b3580000)
  to   space 10752K, 0% used [0x00000007bb580000,0x00000007bb580000,0x00000007bc000000)
 ParOldGen       total 175104K, used 3319K [0x0000000780000000, 0x000000078ab00000, 0x00000007aab00000)
  object space 175104K, 1% used [0x0000000780000000,0x000000078033df88,0x000000078ab00000)
 Metaspace       used 20554K, capacity 21146K, committed 21248K, reserved 1067008K
  class space    used 2476K, capacity 2715K, committed 2816K, reserved 1048576K
Event: 5.176 GC heap after
Heap after GC invocations=4 (full 0):
 PSYoungGen      total 272896K, used 10736K [0x00000007aab00000, 0x00000007bc000000, 0x00000007c0000000)
  eden space 262144K, 0% used [0x00000007aab00000,0x00000007aab00000,0x00000007bab00000)
  from space 10752K, 99% used [0x00000007bb580000,0x00000007bbffc030,0x00000007bc000000)
  to   space 10752K, 0% used [0x00000007bab00000,0x00000007bab00000,0x00000007bb580000)
 ParOldGen       total 175104K, used 4819K [0x0000000780000000, 0x000000078ab00000, 0x00000007aab00000)
  object space 175104K, 2% used [0x0000000780000000,0x00000007804b4dc0,0x000000078ab00000)
 Metaspace       used 20554K, capacity 21146K, committed 21248K, reserved 1067008K
  class space    used 2476K, capacity 2715K, committed 2816K, reserved 1048576K
}
Event: 5.176 GC heap before
{Heap before GC invocations=5 (full 1):
 PSYoungGen      total 272896K, used 10736K [0x00000007aab00000, 0x00000007bc000000, 0x00000007c0000000)
  eden space 262144K, 0% used [0x00000007aab00000,0x00000007aab00000,0x00000007bab00000)
  from space 10752K, 99% used [0x00000007bb580000,0x00000007bbffc030,0x00000007bc000000)
  to   space 10752K, 0% used [0x00000007bab00000,0x00000007bab00000,0x00000007bb580000)
 ParOldGen       total 175104K, used 4819K [0x0000000780000000, 0x000000078ab00000, 0x00000007aab00000)
  object space 175104K, 2% used [0x0000000780000000,0x00000007804b4dc0,0x000000078ab00000)
 Metaspace       used 20554K, capacity 21146K, committed 21248K, reserved 1067008K
  class space    used 2476K, capacity 2715K, committed 2816K, reserved 1048576K
Event: 5.343 GC heap after
Heap after GC invocations=5 (full 1):
 PSYoungGen      total 272896K, used 0K [0x00000007aab00000, 0x00000007bc000000, 0x00000007c0000000)
  eden space 262144K, 0% used [0x00000007aab00000,0x00000007aab00000,0x00000007bab00000)
  from space 10752K, 0% used [0x00000007bb580000,0x00000007bb580000,0x00000007bc000000)
  to   space 10752K, 0% used [0x00000007bab00000,0x00000007bab00000,0x00000007bb580000)
 ParOldGen       total 175104K, used 13204K [0x0000000780000000, 0x000000078ab00000, 0x00000007aab00000)
  object space 175104K, 7% used [0x0000000780000000,0x0000000780ce5238,0x000000078ab00000)
 Metaspace       used 20554K, capacity 21146K, committed 21248K, reserved 1067008K
  class space    used 2476K, capacity 2715K, committed 2816K, reserved 1048576K
}

